<?xml version="1.0" encoding="UTF-8"?>
<!-- Generated by org.testng.reporters.JUnitXMLReporter -->
<testsuite hostname="ASDP1727PO02529" ignored="0" name="Default test" tests="2" failures="0" timestamp="01 Sep 2017 10:01:33 GMT" time="14.506" errors="0">
  <testcase name="T1_verifyLoginFunctionality" time="7.557" classname="com.qait.automation.hris.test.HRISAutomation"/>
  <testcase name="T2_verifyRecordFetching" time="3.124" classname="com.qait.automation.hris.test.HRISAutomation"/>
</testsuite> <!-- Default test -->
