<?xml version="1.0" encoding="UTF-8"?>
<testng-results skipped="0" failed="0" total="0" passed="0">
  <reporter-output>
  </reporter-output>
  <suite name="com.qait.automation.hris.automation.TestSessionInitiator" duration-ms="2" started-at="2017-08-31T08:40:56Z" finished-at="2017-08-31T08:40:56Z">
    <groups>
    </groups>
    <test name="Command line test" duration-ms="2" started-at="2017-08-31T08:40:56Z" finished-at="2017-08-31T08:40:56Z">
    </test> <!-- Command line test -->
  </suite> <!-- com.qait.automation.hris.automation.TestSessionInitiator -->
</testng-results>
