<?xml version="1.0" encoding="UTF-8"?>
<testng-results skipped="0" failed="0" ignored="0" total="2" passed="2">
  <reporter-output>
  </reporter-output>
  <suite name="Simple Reporter Suite" duration-ms="15125" started-at="2017-09-01T10:42:31Z" finished-at="2017-09-01T10:42:46Z">
    <groups>
    </groups>
    <test name="Simple Reporter test" duration-ms="15125" started-at="2017-09-01T10:42:31Z" finished-at="2017-09-01T10:42:46Z">
      <class name="com.qait.automation.hris.test.HRISAutomation">
        <test-method status="PASS" signature="initSession()[pri:0, instance:com.qait.automation.hris.test.HRISAutomation@57536d79]" name="initSession" is-config="true" duration-ms="3872" started-at="2017-09-01T16:12:31Z" finished-at="2017-09-01T16:12:34Z">
          <reporter-output>
          </reporter-output>
        </test-method> <!-- initSession -->
        <test-method status="PASS" signature="T1_verifyLoginFunctionality()[pri:0, instance:com.qait.automation.hris.test.HRISAutomation@57536d79]" name="T1_verifyLoginFunctionality" duration-ms="8650" started-at="2017-09-01T16:12:34Z" finished-at="2017-09-01T16:12:43Z">
          <reporter-output>
          </reporter-output>
        </test-method> <!-- T1_verifyLoginFunctionality -->
        <test-method status="PASS" signature="T2_verifyRecordFetching()[pri:0, instance:com.qait.automation.hris.test.HRISAutomation@57536d79]" name="T2_verifyRecordFetching" duration-ms="2582" started-at="2017-09-01T16:12:43Z" finished-at="2017-09-01T16:12:46Z">
          <reporter-output>
          </reporter-output>
        </test-method> <!-- T2_verifyRecordFetching -->
        <test-method status="PASS" signature="closeSession()[pri:0, instance:com.qait.automation.hris.test.HRISAutomation@57536d79]" name="closeSession" is-config="true" duration-ms="0" started-at="2017-09-01T16:12:46Z" finished-at="2017-09-01T16:12:46Z">
          <reporter-output>
          </reporter-output>
        </test-method> <!-- closeSession -->
      </class> <!-- com.qait.automation.hris.test.HRISAutomation -->
    </test> <!-- Simple Reporter test -->
  </suite> <!-- Simple Reporter Suite -->
</testng-results>
