<?xml version="1.0" encoding="UTF-8"?>
<!-- Generated by org.testng.reporters.JUnitXMLReporter -->
<testsuite hostname="ASDP1727PO02529" ignored="0" name="Simple Reporter test" tests="2" failures="0" timestamp="01 Sep 2017 10:42:46 GMT" time="15.125" errors="0">
  <testcase name="T1_verifyLoginFunctionality" time="8.65" classname="com.qait.automation.hris.test.HRISAutomation"/>
  <testcase name="T2_verifyRecordFetching" time="2.582" classname="com.qait.automation.hris.test.HRISAutomation"/>
</testsuite> <!-- Simple Reporter test -->
